<?xml version="1.0" encoding="UTF-8"?>
<!-- Generated by org.testng.reporters.JUnitReportReporter -->
<testsuite hostname="APPLEs-MacBook-Air.local" failures="0" tests="1" name="entrataTests.HomePage" time="69.217" errors="0" timestamp="11 Feb 2024 03:38:09 GMT" skipped="0">
  <testcase classname="entrataTests.HomePage" name="openMenu" time="69.217"/>
</testsuite> <!-- entrataTests.HomePage -->
