<?xml version="1.0" encoding="UTF-8"?>
<!-- Generated by org.testng.reporters.JUnitReportReporter -->
<testsuite hostname="APPLEs-MacBook-Air.local" failures="0" tests="3" name="entrataTests.MainPage" time="84.146" errors="0" timestamp="11 Feb 2024 10:29:39 GMT" skipped="0">
  <testcase classname="entrataTests.MainPage" name="VerifyTitle" time="75.945"/>
  <testcase classname="entrataTests.MainPage" name="OpenMenus" time="7.386"/>
  <testcase classname="entrataTests.MainPage" name="TakeScreenShot" time="0.815"/>
</testsuite> <!-- entrataTests.MainPage -->
